Watching for file changes with StatReloader
Performing system checks...

System check identified no issues (0 silenced).
November 21, 2023 - 04:10:03
Django version 4.2.6, using settings 'project.settings'
Starting development server at http://127.0.0.1:8000/
Quit the server with CONTROL-C.

Watching for file changes with StatReloader
Watching for file changes with StatReloader
[21/Nov/2023 04:54:45] "GET / HTTP/1.1" 200 30780
[21/Nov/2023 04:54:45] "GET /static/css/normalize.css HTTP/1.1" 200 6138
[21/Nov/2023 04:54:46] "GET /static/css/pages/main.css HTTP/1.1" 200 8687
[21/Nov/2023 04:54:46] "GET /static/imgs/logo.jpeg HTTP/1.1" 200 32248
[21/Nov/2023 04:54:46] "GET /static/imgs/logoText-e961f794.png HTTP/1.1" 200 5115
[21/Nov/2023 04:54:46] "GET /media/property/images/IMG_9042_hpQbs80.jpeg HTTP/1.1" 200 2123673
[21/Nov/2023 04:54:46] "GET /media/property/images/WhatsApp_Image_2023-08-02_at_12.31.18_PM.jpeg HTTP/1.1" 200 326288
[21/Nov/2023 04:54:46] "GET /media/property/images/IMG_9042.jpeg HTTP/1.1" 200 2123673
[21/Nov/2023 04:54:46] "GET /static/js/pages/app.js HTTP/1.1" 200 199
[21/Nov/2023 04:54:46] "GET /media/property/images/WhatsApp_Image_2023-08-24_at_9.04.58_PM.jpeg HTTP/1.1" 200 65079
[21/Nov/2023 04:54:46] "GET /media/property/images/IMG_8325.jpg HTTP/1.1" 200 2415335
[21/Nov/2023 04:54:46] "GET /media/property/images/5c9ad143-2455-44eb-bdd6-a5ea35cca7ca.jpeg HTTP/1.1" 200 63281
[21/Nov/2023 04:54:46] "GET /media/property/images/IMG_9577.jpeg HTTP/1.1" 200 289572
[21/Nov/2023 04:54:46] "GET /media/property/images/27c41ee5-a44b-43c4-8f4e-68e3611c8e02_LxYKpgj.jpeg HTTP/1.1" 200 96506
[21/Nov/2023 04:54:47] "GET /media/property/images/IMG_9578.jpeg HTTP/1.1" 200 299769
[21/Nov/2023 04:54:47] "GET /media/property/images/27c41ee5-a44b-43c4-8f4e-68e3611c8e02.jpeg HTTP/1.1" 200 96506
[21/Nov/2023 04:54:47] "GET /static/imgs/logo-transparent.png HTTP/1.1" 200 1465
[21/Nov/2023 04:54:47] "GET / HTTP/1.1" 200 30780
[21/Nov/2023 04:54:47,782] - Broken pipe from ('127.0.0.1', 59622)
[21/Nov/2023 04:54:47] "GET /media/property/images/IMG_9042.jpeg HTTP/1.1" 200 2123673
[21/Nov/2023 04:54:47] "GET /media/property/images/IMG_8325.jpg HTTP/1.1" 200 2415335
[21/Nov/2023 04:54:47] "GET /media/property/images/IMG_9042_hpQbs80.jpeg HTTP/1.1" 200 2123673
[21/Nov/2023 04:54:47,818] - Broken pipe from ('127.0.0.1', 59632)
Not Found: /assets/imgs/logo.jpeg
[21/Nov/2023 04:54:52] "GET /assets/imgs/logo.jpeg HTTP/1.1" 404 3842
[21/Nov/2023 04:54:59] "GET / HTTP/1.1" 200 30780
[21/Nov/2023 04:55:00] "GET / HTTP/1.1" 200 30780
[21/Nov/2023 04:55:01] "GET / HTTP/1.1" 200 30780
[21/Nov/2023 04:55:01] "GET / HTTP/1.1" 200 30780
[21/Nov/2023 04:55:02] "GET / HTTP/1.1" 200 30780
[21/Nov/2023 04:55:02] "GET /static/css/normalize.css HTTP/1.1" 200 6138
[21/Nov/2023 04:55:03] "GET /static/css/pages/main.css HTTP/1.1" 200 8687
[21/Nov/2023 04:55:03] "GET /static/imgs/logoText-e961f794.png HTTP/1.1" 200 5115
[21/Nov/2023 04:55:03] "GET /static/imgs/logo.jpeg HTTP/1.1" 200 32248
[21/Nov/2023 04:55:03] "GET /media/property/images/IMG_9042_hpQbs80.jpeg HTTP/1.1" 200 2123673
[21/Nov/2023 04:55:03] "GET /media/property/images/IMG_9042.jpeg HTTP/1.1" 200 2123673
[21/Nov/2023 04:55:03] "GET /media/property/images/WhatsApp_Image_2023-08-24_at_9.04.58_PM.jpeg HTTP/1.1" 200 65079
[21/Nov/2023 04:55:03] "GET /static/js/pages/app.js HTTP/1.1" 200 199
[21/Nov/2023 04:55:03] "GET /media/property/images/WhatsApp_Image_2023-08-02_at_12.31.18_PM.jpeg HTTP/1.1" 200 326288
[21/Nov/2023 04:55:03] "GET /media/property/images/IMG_8325.jpg HTTP/1.1" 200 2415335
[21/Nov/2023 04:55:03] "GET /media/property/images/5c9ad143-2455-44eb-bdd6-a5ea35cca7ca.jpeg HTTP/1.1" 200 63281
[21/Nov/2023 04:55:03] "GET /media/property/images/IMG_9577.jpeg HTTP/1.1" 200 289572
[21/Nov/2023 04:55:03] "GET /media/property/images/27c41ee5-a44b-43c4-8f4e-68e3611c8e02_LxYKpgj.jpeg HTTP/1.1" 200 96506
[21/Nov/2023 04:55:04] "GET /media/property/images/IMG_9578.jpeg HTTP/1.1" 200 299769
[21/Nov/2023 04:55:04] "GET /media/property/images/27c41ee5-a44b-43c4-8f4e-68e3611c8e02.jpeg HTTP/1.1" 200 96506
[21/Nov/2023 04:55:04] "GET /static/imgs/logo-transparent.png HTTP/1.1" 200 1465
[21/Nov/2023 04:55:10] "GET /property/74xkm/details/ HTTP/1.1" 200 13858
[21/Nov/2023 04:55:10] "GET /static/css/property/property-details.css HTTP/1.1" 200 5294
[21/Nov/2023 04:55:10] "GET /media/property/images/IMG_9041_0bTVHAS.jpeg HTTP/1.1" 200 2410697
Not Found: /property/74xkm/details/assets/imgs/profile-pic.svg
[21/Nov/2023 04:55:10] "GET /property/74xkm/details/assets/imgs/profile-pic.svg HTTP/1.1" 404 4862
Not Found: /property/74xkm/details/assets/imgs/logo.jpeg
[21/Nov/2023 04:55:12] "GET /property/74xkm/details/assets/imgs/logo.jpeg HTTP/1.1" 404 4844
[21/Nov/2023 04:55:16] "GET /maps/search HTTP/1.1" 200 20215
[21/Nov/2023 04:55:17] "GET /static/css/maps/style.css HTTP/1.1" 200 2701
Not Found: /maps/assets/imgs/logo.jpeg
[21/Nov/2023 04:55:18] "GET /maps/assets/imgs/logo.jpeg HTTP/1.1" 404 3934
[21/Nov/2023 04:55:24] "GET /media/property/images/IMG_8322.jpg HTTP/1.1" 200 2065489
[21/Nov/2023 04:55:26] "GET /property/95SyD/details/ HTTP/1.1" 200 14313
[21/Nov/2023 04:55:26] "GET /media/property/images/IMG_8324.jpg HTTP/1.1" 200 1609974
[21/Nov/2023 04:55:26] "GET /media/property/images/IMG_8323.jpg HTTP/1.1" 200 1946881
[21/Nov/2023 04:55:26] "GET /media/property/images/IMG_8326.jpg HTTP/1.1" 200 1808024
[21/Nov/2023 04:55:27] "GET /media/property/images/IMG_8328.jpg HTTP/1.1" 200 1317534
Not Found: /property/95SyD/details/assets/imgs/profile-pic.svg
[21/Nov/2023 04:55:27] "GET /property/95SyD/details/assets/imgs/profile-pic.svg HTTP/1.1" 404 4862
[21/Nov/2023 04:55:29,694] - Broken pipe from ('127.0.0.1', 53346)
[21/Nov/2023 04:55:29,702] - Broken pipe from ('127.0.0.1', 59602)
[21/Nov/2023 04:55:30] "GET / HTTP/1.1" 200 30780
[21/Nov/2023 04:55:31] "GET /request-contract/ HTTP/1.1" 200 7829
[21/Nov/2023 04:55:32] "GET /static/css/pages/request_contract.css HTTP/1.1" 200 4431
[21/Nov/2023 04:55:32] "GET /static/imgs/%D8%A7%D9%8A%D9%82%D9%88%D9%86%D8%A9%20%D8%B9%D9%82%D8%AF%20%D8%A7%D9%8A%D8%AC%D8%A7%D8%B1%20%D9%85%D9%88%D8%AD%D8%AF.png HTTP/1.1" 200 48220
Not Found: /request-contract/assets/imgs/logo.jpeg
[21/Nov/2023 04:55:33] "GET /request-contract/assets/imgs/logo.jpeg HTTP/1.1" 404 3893
[21/Nov/2023 04:55:33] "GET /about/ HTTP/1.1" 200 5941
[21/Nov/2023 04:55:34] "GET /static/css/pages/about.css HTTP/1.1" 200 994
Not Found: /about/assets/imgs/albdah-gallery-1.jpeg
[21/Nov/2023 04:55:34] "GET /about/assets/imgs/albdah-gallery-1.jpeg HTTP/1.1" 404 3896
Not Found: /about/assets/imgs/albdah-gallery-2.jpeg
[21/Nov/2023 04:55:34] "GET /about/assets/imgs/albdah-gallery-2.jpeg HTTP/1.1" 404 3896
Not Found: /about/assets/imgs/albdah-gallery-3.jpeg
[21/Nov/2023 04:55:34] "GET /about/assets/imgs/albdah-gallery-3.jpeg HTTP/1.1" 404 3896
Not Found: /about/assets/imgs/logo.jpeg
[21/Nov/2023 04:55:34] "GET /about/assets/imgs/logo.jpeg HTTP/1.1" 404 3860
[21/Nov/2023 04:55:35] "GET /property/add-property/ HTTP/1.1" 302 0
[21/Nov/2023 04:55:35] "GET /auth/?next=/property/add-property/ HTTP/1.1" 200 8219
[21/Nov/2023 04:55:35] "GET /static/css/users/authenticate.css HTTP/1.1" 200 1296
Not Found: /auth/assets/imgs/logo.jpeg
[21/Nov/2023 04:55:35] "GET /auth/assets/imgs/logo.jpeg HTTP/1.1" 404 3857
Not Found: /.env
[21/Nov/2023 05:11:59] "GET /.env HTTP/1.1" 404 3796
Forbidden (CSRF cookie not set.): /
[21/Nov/2023 05:11:59] "POST / HTTP/1.1" 403 3071
[21/Nov/2023 05:20:36] "GET / HTTP/1.1" 200 30780
Forbidden (CSRF cookie not set.): /
[21/Nov/2023 05:21:28] "CONNECT / HTTP/1.1" 403 3071
[21/Nov/2023 05:31:16] "GET / HTTP/1.1" 200 30780
Not Found: /favicon.ico
[21/Nov/2023 05:34:00] "GET /favicon.ico HTTP/1.1" 404 3817
Not Found: /geoserver/web/
[21/Nov/2023 05:34:51] "GET /geoserver/web/ HTTP/1.1" 404 3826
Not Found: /.env
[21/Nov/2023 05:38:09] "GET /.env HTTP/1.1" 404 3796
Forbidden (CSRF cookie not set.): /
[21/Nov/2023 05:38:10] "POST / HTTP/1.1" 403 3071
Not Found: /BJmc
[21/Nov/2023 05:39:48] "GET /BJmc HTTP/1.1" 404 3796
Not Found: /CQbg
[21/Nov/2023 05:39:48] "GET /CQbg HTTP/1.1" 404 3796
[21/Nov/2023 06:19:51] "GET / HTTP/1.1" 200 30780
Not Found: /.env
[21/Nov/2023 06:35:37] "GET /.env HTTP/1.1" 404 3796
Forbidden (CSRF cookie not set.): /
[21/Nov/2023 06:35:37] "POST / HTTP/1.1" 403 3071
Not Found: /.env
[21/Nov/2023 07:11:49] "GET /.env HTTP/1.1" 404 3796
Forbidden (CSRF cookie not set.): /
[21/Nov/2023 07:11:49] "POST / HTTP/1.1" 403 3071
[21/Nov/2023 07:15:52] "GET / HTTP/1.1" 200 30780
[21/Nov/2023 07:17:13] "GET / HTTP/1.1" 200 30780
Not Found: /.git/config
[21/Nov/2023 07:21:11] "GET /.git/config HTTP/1.1" 404 3817
Not Found: /.env
[21/Nov/2023 07:33:05] "GET /.env HTTP/1.1" 404 3796
Forbidden (CSRF cookie not set.): /
[21/Nov/2023 07:33:05] "POST / HTTP/1.1" 403 3071
Not Found: /Temporary_Listen_Addresses
[21/Nov/2023 07:46:31] "GET /Temporary_Listen_Addresses HTTP/1.1" 404 3862
Not Found: /Pages/log/
[21/Nov/2023 07:46:31] "GET /Pages/log/ HTTP/1.1" 404 3814
Not Found: /RDWeb
[21/Nov/2023 07:57:12] "GET /RDWeb HTTP/1.1" 404 3799
[21/Nov/2023 08:21:26] "GET / HTTP/1.1" 200 30780
Not Found: /.env
[21/Nov/2023 08:39:04] "GET /.env HTTP/1.1" 404 3796
Forbidden (CSRF cookie not set.): /
[21/Nov/2023 08:39:05] "POST / HTTP/1.1" 403 3071
Not Found: /.env
[21/Nov/2023 09:04:12] "GET /.env HTTP/1.1" 404 3796
Forbidden (CSRF cookie not set.): /
[21/Nov/2023 09:04:12] "POST / HTTP/1.1" 403 3071
[21/Nov/2023 09:04:41] "GET / HTTP/1.1" 200 30780
Not Found: /public/filemanager/dialog.php
[21/Nov/2023 09:19:10] "GET /public/filemanager/dialog.php HTTP/1.1" 404 3870
[21/Nov/2023 09:19:11] "GET /admin/assets/pages/filemanager/filemanager/dialog.php HTTP/1.1" 302 0
[21/Nov/2023 09:19:11] "GET /admin/login/?next=/admin/assets/pages/filemanager/filemanager/dialog.php HTTP/1.1" 200 4512
Not Found: /po-includes/js/filemanager/upload.php
[21/Nov/2023 09:19:12] "GET /po-includes/js/filemanager/upload.php HTTP/1.1" 404 3894
[21/Nov/2023 09:19:13] "GET /admin/assets/pages/filemanager/filemanager/dialog.php HTTP/1.1" 302 0
[21/Nov/2023 09:19:13] "GET /admin/login/?next=/admin/assets/pages/filemanager/filemanager/dialog.php HTTP/1.1" 200 4512
[21/Nov/2023 09:19:14] "GET /admin/assets/tinymce/filemanager/filemanager/dialog.php HTTP/1.1" 302 0
[21/Nov/2023 09:19:15] "GET /admin/login/?next=/admin/assets/tinymce/filemanager/filemanager/dialog.php HTTP/1.1" 200 4516
[21/Nov/2023 09:19:15] "GET /admin/assets/tinymce/filemanager/filemanager/dialog.php HTTP/1.1" 302 0
[21/Nov/2023 09:19:16] "GET /admin/login/?next=/admin/assets/tinymce/filemanager/filemanager/dialog.php HTTP/1.1" 200 4516
Not Found: /plugins/filemanager/dialog.php
[21/Nov/2023 09:19:18] "GET /plugins/filemanager/dialog.php HTTP/1.1" 404 3873
[21/Nov/2023 09:19:18] "GET /admin/javascripts/tinymce/filemanager/dialog.php HTTP/1.1" 302 0
[21/Nov/2023 09:19:18] "GET /admin/login/?next=/admin/javascripts/tinymce/filemanager/dialog.php HTTP/1.1" 200 4502
Not Found: /assets/filemanager/dialog.php
[21/Nov/2023 09:19:19] "GET /assets/filemanager/dialog.php HTTP/1.1" 404 3870
Not Found: /tinymce/filemanager/dialog.php
[21/Nov/2023 09:19:20] "GET /tinymce/filemanager/dialog.php HTTP/1.1" 404 3873
[21/Nov/2023 09:19:20] "GET /admin/filemanager/dialog.php HTTP/1.1" 302 0
[21/Nov/2023 09:19:21] "GET /admin/login/?next=/admin/filemanager/dialog.php HTTP/1.1" 200 4462
Not Found: /editor/plugins/filemanager/dialog.php
[21/Nov/2023 09:19:22] "GET /editor/plugins/filemanager/dialog.php HTTP/1.1" 404 3894
Not Found: /vendor/filemanager/dialog.php
[21/Nov/2023 09:19:22] "GET /vendor/filemanager/dialog.php HTTP/1.1" 404 3870
Not Found: /tinymce/js/tinymce/plugins/filemanager/dialog.php
[21/Nov/2023 09:19:23] "GET /tinymce/js/tinymce/plugins/filemanager/dialog.php HTTP/1.1" 404 3930
Not Found: /assets/plugins/TinyMCE/filemanager/dialog.php
[21/Nov/2023 09:23:15] "GET /assets/plugins/TinyMCE/filemanager/dialog.php HTTP/1.1" 404 3918
[21/Nov/2023 09:23:16] "GET /admin/assets/pages/filemanager/filemanager/dialog.php HTTP/1.1" 302 0
[21/Nov/2023 09:23:17] "GET /admin/login/?next=/admin/assets/pages/filemanager/filemanager/dialog.php HTTP/1.1" 200 4512
Not Found: /assets/dialog
[21/Nov/2023 09:23:18] "GET /assets/dialog HTTP/1.1" 404 3822
Not Found: /file-manager/tinymce5
[21/Nov/2023 09:23:19] "GET /file-manager/tinymce5 HTTP/1.1" 404 3846
[21/Nov/2023 09:23:20] "GET /admin/assets/tinymce/filemanager/filemanager/dialog.php HTTP/1.1" 302 0
[21/Nov/2023 09:23:20] "GET /admin/login/?next=/admin/assets/tinymce/filemanager/filemanager/dialog.php HTTP/1.1" 200 4516
[21/Nov/2023 09:23:21] "GET /admin/assets/tinymce/filemanager/filemanager/dialog.php HTTP/1.1" 302 0
[21/Nov/2023 09:23:21] "GET /admin/login/?next=/admin/assets/tinymce/filemanager/filemanager/dialog.php HTTP/1.1" 200 4516
[21/Nov/2023 09:23:22] "GET /admin/javascripts/tinymce/filemanager/dialog.php HTTP/1.1" 302 0
[21/Nov/2023 09:23:22] "GET /admin/login/?next=/admin/javascripts/tinymce/filemanager/dialog.php HTTP/1.1" 200 4502
Forbidden (CSRF cookie not set.): /
[21/Nov/2023 09:37:17] "CONNECT / HTTP/1.1" 403 3071
[21/Nov/2023 09:59:05] "GET / HTTP/1.1" 200 30780
Not Found: /.env
[21/Nov/2023 10:03:29] "GET /.env HTTP/1.1" 404 3796
Forbidden (CSRF cookie not set.): /
[21/Nov/2023 10:03:29] "POST / HTTP/1.1" 403 3071
Not Found: /.env
[21/Nov/2023 10:44:53] "GET /.env HTTP/1.1" 404 3796
Forbidden (CSRF cookie not set.): /
[21/Nov/2023 10:44:53] "POST / HTTP/1.1" 403 3071
Not Found: /systembc/password.php
[21/Nov/2023 11:20:09] "GET /systembc/password.php HTTP/1.1" 404 3846
[21/Nov/2023 11:26:03] "GET / HTTP/1.1" 200 30780
[21/Nov/2023 11:26:15] "GET / HTTP/1.1" 200 30780
[21/Nov/2023 11:38:00] "GET / HTTP/1.1" 200 30780
Not Found: /.git/config
[21/Nov/2023 11:44:54] "GET /.git/config HTTP/1.1" 404 3817
Not Found: /.env
[21/Nov/2023 11:49:00] "GET /.env HTTP/1.1" 404 3796
Forbidden (CSRF cookie not set.): /
[21/Nov/2023 11:49:00] "POST / HTTP/1.1" 403 3071
Not Found: /.env
[21/Nov/2023 12:13:34] "GET /.env HTTP/1.1" 404 3796
Forbidden (CSRF cookie not set.): /
[21/Nov/2023 12:13:34] "POST / HTTP/1.1" 403 3071
[21/Nov/2023 12:26:09] "GET / HTTP/1.1" 200 30780
Not Found: /Temporary_Listen_Addresses/
[21/Nov/2023 12:26:41] "GET /Temporary_Listen_Addresses/ HTTP/1.1" 404 3865
[21/Nov/2023 12:31:29] "GET / HTTP/1.1" 200 30780
[21/Nov/2023 12:31:32] "GET / HTTP/1.1" 200 30780
Not Found: /assets/imgs/logo.jpeg
[21/Nov/2023 12:31:32] "GET /assets/imgs/logo.jpeg HTTP/1.1" 404 3847
Not Found: /favicon.ico
[21/Nov/2023 12:31:32] "GET /favicon.ico HTTP/1.1" 404 3817
Not Found: /.env
[21/Nov/2023 12:48:02] "GET /.env HTTP/1.1" 404 3796
Forbidden (CSRF cookie not set.): /
[21/Nov/2023 12:48:02] "POST / HTTP/1.1" 403 3071
[21/Nov/2023 12:54:00] "GET / HTTP/1.1" 200 30780
[21/Nov/2023 13:17:20] "GET / HTTP/1.1" 200 30780
Not Found: /.env
[21/Nov/2023 13:27:38] "GET /.env HTTP/1.1" 404 3796
Forbidden (CSRF cookie not set.): /
[21/Nov/2023 13:27:38] "POST / HTTP/1.1" 403 3071
[21/Nov/2023 13:45:37] "GET / HTTP/1.1" 200 30780
Not Found: /.env
[21/Nov/2023 13:50:58] "GET /.env HTTP/1.1" 404 3796
Forbidden (CSRF cookie not set.): /
[21/Nov/2023 13:50:58] "POST / HTTP/1.1" 403 3071
[21/Nov/2023 14:04:38] "GET / HTTP/1.1" 200 30780
[21/Nov/2023 14:07:12] "GET / HTTP/1.1" 200 30780
Not Found: /assets/imgs/logo.jpeg
[21/Nov/2023 14:07:19] "GET /assets/imgs/logo.jpeg HTTP/1.1" 404 3847
Not Found: /robots.txt
[21/Nov/2023 14:07:20] "GET /robots.txt HTTP/1.1" 404 3814
Not Found: /sitemap.xml
[21/Nov/2023 14:07:21] "GET /sitemap.xml HTTP/1.1" 404 3817
[21/Nov/2023 14:17:18] "GET / HTTP/1.1" 200 30780
[21/Nov/2023 14:27:41] "GET / HTTP/1.1" 200 30780
Not Found: /gui
[21/Nov/2023 14:27:41] "GET /gui HTTP/1.1" 404 3793
Not Found: /.env
[21/Nov/2023 14:43:09] "GET /.env HTTP/1.1" 404 3796
Forbidden (CSRF cookie not set.): /
[21/Nov/2023 14:43:09] "POST / HTTP/1.1" 403 3071
[21/Nov/2023 14:48:55] "GET / HTTP/1.1" 200 30780
[21/Nov/2023 14:57:45] "GET / HTTP/1.1" 200 30780
[21/Nov/2023 15:21:48] "GET / HTTP/1.1" 200 30780
Not Found: /.env
[21/Nov/2023 15:29:21] "GET /.env HTTP/1.1" 404 3796
Forbidden (CSRF cookie not set.): /
[21/Nov/2023 15:29:21] "POST / HTTP/1.1" 403 3071
[21/Nov/2023 15:41:29] "GET / HTTP/1.1" 200 30780
[21/Nov/2023 16:00:12] "GET / HTTP/1.1" 200 30780
Not Found: /.env
[21/Nov/2023 16:06:08] "GET /.env HTTP/1.1" 404 3796
Forbidden (CSRF cookie not set.): /
[21/Nov/2023 16:06:08] "POST / HTTP/1.1" 403 3071
Not Found: /.env
[21/Nov/2023 16:09:15] "GET /.env HTTP/1.1" 404 3796
Forbidden (CSRF cookie not set.): /
[21/Nov/2023 16:09:16] "POST / HTTP/1.1" 403 3071
[21/Nov/2023 16:36:11] "HEAD / HTTP/1.1" 200 0
[21/Nov/2023 16:36:11] "GET / HTTP/1.1" 200 30780
[21/Nov/2023 16:36:11] "GET / HTTP/1.1" 200 30780
[21/Nov/2023 16:36:12] "GET / HTTP/1.1" 200 30780
[21/Nov/2023 16:36:21] "HEAD / HTTP/1.1" 200 0
[21/Nov/2023 16:36:21] "GET / HTTP/1.1" 200 30780
[21/Nov/2023 16:36:22] "HEAD /static/js/pages/app.js HTTP/1.1" 200 0
[21/Nov/2023 16:36:22] "GET /static/js/pages/app.js HTTP/1.1" 200 199
Not Found: /.env
[21/Nov/2023 16:45:24] "GET /.env HTTP/1.1" 404 3796
Forbidden (CSRF cookie not set.): /
[21/Nov/2023 16:45:24] "POST / HTTP/1.1" 403 3071
[21/Nov/2023 17:01:45] "GET / HTTP/1.1" 200 30780
Not Found: /.env
[21/Nov/2023 17:08:44] "GET /.env HTTP/1.1" 404 3796
Forbidden (CSRF cookie not set.): /
[21/Nov/2023 17:08:44] "POST / HTTP/1.1" 403 3071
Not Found: /actuator/health
[21/Nov/2023 17:25:00] "GET /actuator/health HTTP/1.1" 404 3829
Not Found: /.env
[21/Nov/2023 17:32:01] "GET /.env HTTP/1.1" 404 3796
Forbidden (CSRF cookie not set.): /
[21/Nov/2023 17:32:01] "POST / HTTP/1.1" 403 3071
[21/Nov/2023 17:37:03] "GET / HTTP/1.1" 200 30780
[21/Nov/2023 17:37:08] "GET /static/imgs/logoText-e961f794.png HTTP/1.1" 200 5115
[21/Nov/2023 17:37:08] "GET /static/imgs/logo.jpeg HTTP/1.1" 200 32248
[21/Nov/2023 17:37:08] "GET /static/css/normalize.css HTTP/1.1" 200 6138
[21/Nov/2023 17:37:08] "GET /static/css/pages/main.css HTTP/1.1" 200 8687
[21/Nov/2023 17:37:09] "GET /media/property/images/IMG_9042_hpQbs80.jpeg HTTP/1.1" 200 2123673
[21/Nov/2023 17:37:09] "GET /media/property/images/IMG_9042.jpeg HTTP/1.1" 200 2123673
[21/Nov/2023 17:37:09] "GET /media/property/images/WhatsApp_Image_2023-08-02_at_12.31.18_PM.jpeg HTTP/1.1" 200 326288
[21/Nov/2023 17:37:09] "GET /static/js/pages/app.js HTTP/1.1" 200 199
[21/Nov/2023 17:37:09] "GET /media/property/images/WhatsApp_Image_2023-08-24_at_9.04.58_PM.jpeg HTTP/1.1" 200 65079
[21/Nov/2023 17:37:09] "GET /media/property/images/5c9ad143-2455-44eb-bdd6-a5ea35cca7ca.jpeg HTTP/1.1" 200 63281
[21/Nov/2023 17:37:09] "GET /media/property/images/IMG_8325.jpg HTTP/1.1" 200 2415335
[21/Nov/2023 17:37:09] "GET /media/property/images/27c41ee5-a44b-43c4-8f4e-68e3611c8e02_LxYKpgj.jpeg HTTP/1.1" 200 96506
[21/Nov/2023 17:37:09] "GET /media/property/images/IMG_9577.jpeg HTTP/1.1" 200 289572
[21/Nov/2023 17:37:09] "GET /media/property/images/IMG_9578.jpeg HTTP/1.1" 200 299769
[21/Nov/2023 17:37:09] "GET /media/property/images/27c41ee5-a44b-43c4-8f4e-68e3611c8e02.jpeg HTTP/1.1" 200 96506
[21/Nov/2023 17:37:10] "GET /static/imgs/logo-transparent.png HTTP/1.1" 200 1465
[21/Nov/2023 17:41:14] "GET / HTTP/1.1" 200 30780
[21/Nov/2023 17:41:43] "GET / HTTP/1.1" 200 30780
Not Found: /.env
[21/Nov/2023 17:55:02] "GET /.env HTTP/1.1" 404 3796
Forbidden (CSRF cookie not set.): /
[21/Nov/2023 17:55:02] "POST / HTTP/1.1" 403 3071
[21/Nov/2023 18:07:35] "GET / HTTP/1.1" 200 30780
Not Found: /.env
[21/Nov/2023 18:14:14] "GET /.env HTTP/1.1" 404 3796
Forbidden (CSRF cookie not set.): /
[21/Nov/2023 18:14:14] "POST / HTTP/1.1" 403 3071
Not Found: /.env
[21/Nov/2023 18:23:23] "GET /.env HTTP/1.1" 404 3796
Forbidden (CSRF cookie not set.): /
[21/Nov/2023 18:23:24] "POST / HTTP/1.1" 403 3071
[21/Nov/2023 18:26:31] "GET / HTTP/1.1" 200 30780
Not Found: /.env
[21/Nov/2023 18:31:10] "GET /.env HTTP/1.1" 404 3796
Not Found: /.env
[21/Nov/2023 18:48:42] "GET /.env HTTP/1.1" 404 3796
Forbidden (CSRF cookie not set.): /
[21/Nov/2023 18:48:42] "POST / HTTP/1.1" 403 3071
[21/Nov/2023 18:50:28] "GET / HTTP/1.1" 200 30780
Not Found: /.env
[21/Nov/2023 19:08:52] "GET /.env HTTP/1.1" 404 3796
Forbidden (CSRF cookie not set.): /
[21/Nov/2023 19:08:52] "POST / HTTP/1.1" 403 3071
[21/Nov/2023 19:11:25] "GET / HTTP/1.1" 200 30780
Not Found: /hudson
[21/Nov/2023 19:11:51] "GET /hudson HTTP/1.1" 404 3802
Not Found: /robots.txt
[21/Nov/2023 19:12:44] "GET /robots.txt HTTP/1.1" 404 3809
Not Found: /humans.txt
[21/Nov/2023 19:12:44] "GET /humans.txt HTTP/1.1" 404 3809
Not Found: /ads.txt
[21/Nov/2023 19:12:44] "GET /ads.txt HTTP/1.1" 404 3800
[21/Nov/2023 19:12:45] "GET / HTTP/1.1" 200 30780
Not Found: /druid/index.html
[21/Nov/2023 19:13:53] "GET /druid/index.html HTTP/1.1" 404 3832
[21/Nov/2023 19:23:00] "GET / HTTP/1.1" 200 30780
[21/Nov/2023 19:26:03] "GET / HTTP/1.1" 200 30780
[21/Nov/2023 19:26:04] "GET / HTTP/1.1" 200 30780
[21/Nov/2023 19:29:04] "GET / HTTP/1.1" 200 30780
[21/Nov/2023 19:29:21] "GET / HTTP/1.1" 200 30780
[21/Nov/2023 19:33:49] "GET / HTTP/1.1" 200 30780
[21/Nov/2023 19:37:46] "GET / HTTP/1.1" 200 30780
Not Found: /assets/imgs/logo.jpeg
[21/Nov/2023 19:37:47] "GET /assets/imgs/logo.jpeg HTTP/1.1" 404 3850
Not Found: /assets/imgs/logo.jpeg
[21/Nov/2023 19:37:47] "GET /assets/imgs/logo.jpeg HTTP/1.1" 404 3850
Not Found: /assets/imgs/logo.jpeg
[21/Nov/2023 19:37:48] "GET /assets/imgs/logo.jpeg HTTP/1.1" 404 3850
Not Found: /.env
[21/Nov/2023 19:42:49] "GET /.env HTTP/1.1" 404 3796
Forbidden (CSRF cookie not set.): /
[21/Nov/2023 19:42:49] "POST / HTTP/1.1" 403 3071
[21/Nov/2023 20:08:27] "GET / HTTP/1.1" 200 30780
Not Found: /.env
[21/Nov/2023 20:15:35] "GET /.env HTTP/1.1" 404 3796
Forbidden (CSRF cookie not set.): /
[21/Nov/2023 20:15:35] "POST / HTTP/1.1" 403 3071
Not Found: /.env
[21/Nov/2023 20:32:29] "GET /.env HTTP/1.1" 404 3796
Not Found: /.env
[21/Nov/2023 20:39:39] "GET /.env HTTP/1.1" 404 3796
Forbidden (CSRF cookie not set.): /
[21/Nov/2023 20:39:39] "POST / HTTP/1.1" 403 3071
Not Found: /.env
[21/Nov/2023 20:43:19] "GET /.env HTTP/1.1" 404 3796
Forbidden (CSRF cookie not set.): /
[21/Nov/2023 20:43:19] "POST / HTTP/1.1" 403 3071
[21/Nov/2023 20:57:49] "GET / HTTP/1.1" 200 30780
Not Found: /remote/fgt_lang
[21/Nov/2023 21:00:46] "GET /remote/fgt_lang?lang=/../../../..//////////dev/cmdb/sslvpn_websession HTTP/1.1" 404 3883
Not Found: /.env
[21/Nov/2023 21:01:47] "GET /.env HTTP/1.1" 404 3796
Forbidden (CSRF cookie not set.): /
[21/Nov/2023 21:01:47] "POST / HTTP/1.1" 403 3071
Not Found: /.env
[21/Nov/2023 21:11:08] "GET /.env HTTP/1.1" 404 3796
Not Found: /VaJqTYD8pkZ1RMfKdhbcGPEXtxZ
[21/Nov/2023 21:28:35] "GET /VaJqTYD8pkZ1RMfKdhbcGPEXtxZ HTTP/1.1" 404 3865
Not Found: /.env
[21/Nov/2023 21:36:25] "GET /.env HTTP/1.1" 404 3796
Forbidden (CSRF cookie not set.): /
[21/Nov/2023 21:36:25] "POST / HTTP/1.1" 403 3071
[21/Nov/2023 21:54:05] "GET / HTTP/1.1" 200 30780
Not Found: /.env
[21/Nov/2023 21:56:36] "GET /.env HTTP/1.1" 404 3796
Forbidden (CSRF cookie not set.): /
[21/Nov/2023 21:56:36] "POST / HTTP/1.1" 403 3071
Not Found: /.env
[21/Nov/2023 21:57:04] "GET /.env HTTP/1.1" 404 3796
Forbidden (CSRF cookie not set.): /
[21/Nov/2023 21:57:04] "POST / HTTP/1.1" 403 3071
[21/Nov/2023 21:57:29] "GET / HTTP/1.1" 200 30780
[21/Nov/2023 22:11:47] "GET / HTTP/1.1" 200 30780
[21/Nov/2023 22:27:07] "GET / HTTP/1.1" 200 30780
Not Found: /.env
[21/Nov/2023 22:31:34] "GET /.env HTTP/1.1" 404 3796
Forbidden (CSRF cookie not set.): /
[21/Nov/2023 22:31:34] "POST / HTTP/1.1" 403 3071
Not Found: /.env
[21/Nov/2023 22:53:42] "GET /.env HTTP/1.1" 404 3796
Forbidden (CSRF cookie not set.): /
[21/Nov/2023 22:53:42] "POST / HTTP/1.1" 403 3071
Not Found: /druid/index.html
[21/Nov/2023 23:10:57] "GET /druid/index.html HTTP/1.1" 404 3832
Not Found: /.env
[21/Nov/2023 23:13:45] "GET /.env HTTP/1.1" 404 3796
Forbidden (CSRF cookie not set.): /
[21/Nov/2023 23:13:45] "POST / HTTP/1.1" 403 3071
[21/Nov/2023 23:18:18] "GET / HTTP/1.1" 200 30780
Not Found: /.env
[21/Nov/2023 23:36:04] "GET /.env HTTP/1.1" 404 3796
Forbidden (CSRF cookie not set.): /
[21/Nov/2023 23:36:04] "POST / HTTP/1.1" 403 3071
[21/Nov/2023 23:44:41] "GET / HTTP/1.1" 200 30780
Not Found: /robots.txt
[21/Nov/2023 23:44:44] "GET /robots.txt HTTP/1.1" 404 3814
[22/Nov/2023 00:10:59] "GET / HTTP/1.1" 200 30780
[22/Nov/2023 00:11:34] "GET / HTTP/1.1" 200 30780
Not Found: /.env
[22/Nov/2023 00:14:04] "GET /.env HTTP/1.1" 404 3796
Forbidden (CSRF cookie not set.): /
[22/Nov/2023 00:14:05] "POST / HTTP/1.1" 403 3071
[22/Nov/2023 00:50:54] "GET / HTTP/1.1" 200 30780
[22/Nov/2023 00:50:54] "GET /request-contract/ HTTP/1.1" 200 7829
[22/Nov/2023 00:50:54] "GET /about/ HTTP/1.1" 200 5941
[22/Nov/2023 00:50:54] "GET /property/add-property/ HTTP/1.1" 302 0
[22/Nov/2023 00:50:54] "GET /auth/?next=/property/add-property/ HTTP/1.1" 200 8219
[22/Nov/2023 00:50:54] "GET /maps/search HTTP/1.1" 200 20215
[22/Nov/2023 00:50:54] "GET /property/74xkm/details/ HTTP/1.1" 200 13858
[22/Nov/2023 00:50:54] "GET /property/48jgA/details/ HTTP/1.1" 200 13842
[22/Nov/2023 00:50:55] "GET /property/37IgN/details/ HTTP/1.1" 200 19185
[22/Nov/2023 00:50:55] "GET /property/57wHk/details/ HTTP/1.1" 200 13765
[22/Nov/2023 00:50:55] "GET /property/95SyD/details/ HTTP/1.1" 200 14313
[22/Nov/2023 00:50:55] "GET /property/14VgE/details/ HTTP/1.1" 200 12853
[22/Nov/2023 00:50:55] "GET /property/97pUa/details/ HTTP/1.1" 200 15449
[22/Nov/2023 00:50:55] "GET /property/62cpj/details/ HTTP/1.1" 200 13990
[22/Nov/2023 00:50:55] "GET /property/70Haf/details/ HTTP/1.1" 200 13948
[22/Nov/2023 00:50:55] "GET /property/54ojq/details/ HTTP/1.1" 200 14704
[22/Nov/2023 00:50:55] "GET /property/77POn/details/ HTTP/1.1" 200 14115
[22/Nov/2023 00:50:55] "GET /property/25WPF/details/ HTTP/1.1" 200 16442
[22/Nov/2023 00:50:55] "GET /property/79TIY/details/ HTTP/1.1" 200 16637
[22/Nov/2023 00:50:55] "GET /property/55ILR/details/ HTTP/1.1" 200 14396
[22/Nov/2023 00:50:55] "GET /property/add-to-favourite/74xkm/ HTTP/1.1" 302 0
[22/Nov/2023 00:50:55] "GET /auth/?next=/property/add-to-favourite/74xkm/ HTTP/1.1" 200 8219
Not Found: /property/74xkm/details/assets/imgs/profile-pic.svg
[22/Nov/2023 00:50:55] "GET /property/74xkm/details/assets/imgs/profile-pic.svg HTTP/1.1" 404 4862
[22/Nov/2023 00:50:56] "GET /property/add-to-favourite/48jgA/ HTTP/1.1" 302 0
[22/Nov/2023 00:50:56] "GET /auth/?next=/property/add-to-favourite/48jgA/ HTTP/1.1" 200 8219
Not Found: /property/48jgA/details/assets/imgs/profile-pic.svg
[22/Nov/2023 00:50:56] "GET /property/48jgA/details/assets/imgs/profile-pic.svg HTTP/1.1" 404 4862
[22/Nov/2023 00:50:56] "GET /property/add-to-favourite/37IgN/ HTTP/1.1" 302 0
[22/Nov/2023 00:50:56] "GET /auth/?next=/property/add-to-favourite/37IgN/ HTTP/1.1" 200 8219
Not Found: /property/37IgN/details/assets/imgs/profile-pic.svg
[22/Nov/2023 00:50:56] "GET /property/37IgN/details/assets/imgs/profile-pic.svg HTTP/1.1" 404 4862
[22/Nov/2023 00:50:56] "GET /property/add-to-favourite/57wHk/ HTTP/1.1" 302 0
[22/Nov/2023 00:50:56] "GET /auth/?next=/property/add-to-favourite/57wHk/ HTTP/1.1" 200 8219
Not Found: /property/57wHk/details/assets/imgs/profile-pic.svg
[22/Nov/2023 00:50:56] "GET /property/57wHk/details/assets/imgs/profile-pic.svg HTTP/1.1" 404 4862
[22/Nov/2023 00:50:56] "GET /property/add-to-favourite/95SyD/ HTTP/1.1" 302 0
[22/Nov/2023 00:50:56] "GET /auth/?next=/property/add-to-favourite/95SyD/ HTTP/1.1" 200 8219
Not Found: /property/95SyD/details/assets/imgs/profile-pic.svg
[22/Nov/2023 00:50:56] "GET /property/95SyD/details/assets/imgs/profile-pic.svg HTTP/1.1" 404 4862
[22/Nov/2023 00:50:56] "GET /property/add-to-favourite/14VgE/ HTTP/1.1" 302 0
[22/Nov/2023 00:50:56] "GET /auth/?next=/property/add-to-favourite/14VgE/ HTTP/1.1" 200 8219
Not Found: /property/14VgE/details/assets/imgs/profile-pic.svg
[22/Nov/2023 00:50:56] "GET /property/14VgE/details/assets/imgs/profile-pic.svg HTTP/1.1" 404 4862
[22/Nov/2023 00:50:56] "GET /property/add-to-favourite/97pUa/ HTTP/1.1" 302 0
[22/Nov/2023 00:50:56] "GET /auth/?next=/property/add-to-favourite/97pUa/ HTTP/1.1" 200 8219
Not Found: /property/97pUa/details/assets/imgs/profile-pic.svg
[22/Nov/2023 00:50:57] "GET /property/97pUa/details/assets/imgs/profile-pic.svg HTTP/1.1" 404 4862
[22/Nov/2023 00:50:57] "GET /property/add-to-favourite/62cpj/ HTTP/1.1" 302 0
[22/Nov/2023 00:50:57] "GET /auth/?next=/property/add-to-favourite/62cpj/ HTTP/1.1" 200 8219
Not Found: /property/62cpj/details/assets/imgs/profile-pic.svg
[22/Nov/2023 00:50:57] "GET /property/62cpj/details/assets/imgs/profile-pic.svg HTTP/1.1" 404 4862
[22/Nov/2023 00:50:57] "GET /property/add-to-favourite/70Haf/ HTTP/1.1" 302 0
[22/Nov/2023 00:50:57] "GET /auth/?next=/property/add-to-favourite/70Haf/ HTTP/1.1" 200 8219
Not Found: /property/70Haf/details/assets/imgs/profile-pic.svg
[22/Nov/2023 00:50:57] "GET /property/70Haf/details/assets/imgs/profile-pic.svg HTTP/1.1" 404 4862
[22/Nov/2023 00:50:57] "GET /property/add-to-favourite/54ojq/ HTTP/1.1" 302 0
[22/Nov/2023 00:50:57] "GET /auth/?next=/property/add-to-favourite/54ojq/ HTTP/1.1" 200 8219
Not Found: /property/54ojq/details/assets/imgs/profile-pic.svg
[22/Nov/2023 00:50:57] "GET /property/54ojq/details/assets/imgs/profile-pic.svg HTTP/1.1" 404 4862
[22/Nov/2023 00:50:57] "GET /property/add-to-favourite/77POn/ HTTP/1.1" 302 0
[22/Nov/2023 00:50:57] "GET /auth/?next=/property/add-to-favourite/77POn/ HTTP/1.1" 200 8219
Not Found: /property/77POn/details/assets/imgs/profile-pic.svg
[22/Nov/2023 00:50:57] "GET /property/77POn/details/assets/imgs/profile-pic.svg HTTP/1.1" 404 4862
[22/Nov/2023 00:50:57] "GET /property/add-to-favourite/25WPF/ HTTP/1.1" 302 0
[22/Nov/2023 00:50:57] "GET /auth/?next=/property/add-to-favourite/25WPF/ HTTP/1.1" 200 8219
Not Found: /property/25WPF/details/assets/imgs/profile-pic.svg
[22/Nov/2023 00:50:57] "GET /property/25WPF/details/assets/imgs/profile-pic.svg HTTP/1.1" 404 4862
[22/Nov/2023 00:50:57] "GET /property/add-to-favourite/79TIY/ HTTP/1.1" 302 0
[22/Nov/2023 00:50:57] "GET /auth/?next=/property/add-to-favourite/79TIY/ HTTP/1.1" 200 8219
Not Found: /property/79TIY/details/assets/imgs/profile-pic.svg
[22/Nov/2023 00:50:58] "GET /property/79TIY/details/assets/imgs/profile-pic.svg HTTP/1.1" 404 4862
[22/Nov/2023 00:50:58] "GET /property/add-to-favourite/55ILR/ HTTP/1.1" 302 0
[22/Nov/2023 00:50:58] "GET /auth/?next=/property/add-to-favourite/55ILR/ HTTP/1.1" 200 8219
Not Found: /property/55ILR/details/assets/imgs/profile-pic.svg
[22/Nov/2023 00:50:58] "GET /property/55ILR/details/assets/imgs/profile-pic.svg HTTP/1.1" 404 4862
Not Found: /.env
[22/Nov/2023 01:08:38] "GET /.env HTTP/1.1" 404 3796
Forbidden (CSRF cookie not set.): /
[22/Nov/2023 01:08:38] "POST / HTTP/1.1" 403 3071
Not Found: /Xki0
[22/Nov/2023 01:13:32] "GET /Xki0 HTTP/1.1" 404 3796
Not Found: /d2oX
[22/Nov/2023 01:13:33] "GET /d2oX HTTP/1.1" 404 3796
Not Found: /Temporary_Listen_Addresses
[22/Nov/2023 01:13:37] "GET /Temporary_Listen_Addresses HTTP/1.1" 404 3862
Not Found: /Pages/log/
[22/Nov/2023 01:13:37] "GET /Pages/log/ HTTP/1.1" 404 3814
[22/Nov/2023 01:23:14] "GET / HTTP/1.1" 200 30780
[22/Nov/2023 01:25:23] "GET / HTTP/1.1" 200 30780
Not Found: /.env
[22/Nov/2023 01:34:10] "GET /.env HTTP/1.1" 404 3796
Forbidden (CSRF cookie not set.): /
[22/Nov/2023 01:34:10] "POST / HTTP/1.1" 403 3071
[22/Nov/2023 01:40:48] "GET /?XDEBUG_SESSION_START=phpstorm HTTP/1.1" 200 30780
[22/Nov/2023 01:53:15] "GET / HTTP/1.1" 200 30780
[22/Nov/2023 02:13:04] "GET / HTTP/1.1" 200 30780
Not Found: /.env
[22/Nov/2023 02:25:14] "GET /.env HTTP/1.1" 404 3796
Forbidden (CSRF cookie not set.): /
[22/Nov/2023 02:25:14] "POST / HTTP/1.1" 403 3071
[22/Nov/2023 02:41:06] "GET / HTTP/1.1" 200 30780
[22/Nov/2023 02:53:06] "GET / HTTP/1.1" 200 30780
Not Found: /actuator/gateway/routes
[22/Nov/2023 02:56:37] "GET /actuator/gateway/routes HTTP/1.1" 404 3856
Not Found: /.env
[22/Nov/2023 02:59:15] "GET /.env HTTP/1.1" 404 3796
Forbidden (CSRF cookie not set.): /
[22/Nov/2023 02:59:15] "POST / HTTP/1.1" 403 3071
[22/Nov/2023 03:21:26] "GET / HTTP/1.1" 200 30780
Not Found: /.env
[22/Nov/2023 03:21:54] "GET /.env HTTP/1.1" 404 3796
Forbidden (CSRF cookie not set.): /
[22/Nov/2023 03:21:54] "POST / HTTP/1.1" 403 3071
Not Found: /.env
[22/Nov/2023 03:31:04] "GET /.env HTTP/1.1" 404 3796
Forbidden (CSRF cookie not set.): /
[22/Nov/2023 03:31:04] "POST / HTTP/1.1" 403 3071
Not Found: /.env
[22/Nov/2023 03:45:28] "GET /.env HTTP/1.1" 404 3796
Forbidden (CSRF cookie not set.): /
[22/Nov/2023 03:45:28] "POST / HTTP/1.1" 403 3071
[22/Nov/2023 04:15:18] "GET / HTTP/1.1" 200 30780
Not Found: /.env
[22/Nov/2023 04:30:15] "GET /.env HTTP/1.1" 404 3796
Forbidden (CSRF cookie not set.): /
[22/Nov/2023 04:30:15] "POST / HTTP/1.1" 403 3071
[22/Nov/2023 04:40:57] "GET / HTTP/1.1" 200 30796
[22/Nov/2023 04:40:58] "GET /static/css/normalize.css HTTP/1.1" 200 6138
[22/Nov/2023 04:40:58] "GET /static/css/pages/main.css HTTP/1.1" 200 8687
[22/Nov/2023 04:40:58] "GET /static/js/pages/app.js HTTP/1.1" 200 199
[22/Nov/2023 04:40:58] "GET /static/imgs/logoText-e961f794.png HTTP/1.1" 200 5115
[22/Nov/2023 04:40:58] "GET /media/property/images/IMG_8325.jpg HTTP/1.1" 200 2415335
[22/Nov/2023 04:40:58] "GET /media/property/images/IMG_9042_hpQbs80.jpeg HTTP/1.1" 200 2123673
[22/Nov/2023 04:40:58] "GET /media/property/images/IMG_9577.jpeg HTTP/1.1" 200 289572
[22/Nov/2023 04:40:58] "GET /static/imgs/logo.jpeg HTTP/1.1" 200 32248
[22/Nov/2023 04:40:58] "GET /static/imgs/logo-transparent.png HTTP/1.1" 200 1465
[22/Nov/2023 04:40:58] "GET /media/property/images/IMG_9042.jpeg HTTP/1.1" 200 2123673
[22/Nov/2023 04:40:58] "GET /media/property/images/WhatsApp_Image_2023-08-02_at_12.31.18_PM.jpeg HTTP/1.1" 200 326288
[22/Nov/2023 04:40:58] "GET /media/property/images/WhatsApp_Image_2023-08-24_at_9.04.58_PM.jpeg HTTP/1.1" 200 65079
[22/Nov/2023 04:40:59] "GET /media/property/images/5c9ad143-2455-44eb-bdd6-a5ea35cca7ca.jpeg HTTP/1.1" 200 63281
[22/Nov/2023 04:40:59] "GET /media/property/images/27c41ee5-a44b-43c4-8f4e-68e3611c8e02_LxYKpgj.jpeg HTTP/1.1" 200 96506
[22/Nov/2023 04:40:59] "GET /media/property/images/IMG_9578.jpeg HTTP/1.1" 200 299769
[22/Nov/2023 04:40:59] "GET /media/property/images/27c41ee5-a44b-43c4-8f4e-68e3611c8e02.jpeg HTTP/1.1" 200 96506
Not Found: /assets/imgs/logo.jpeg
[22/Nov/2023 04:41:00] "GET /assets/imgs/logo.jpeg HTTP/1.1" 404 3846
[22/Nov/2023 04:41:04] "GET /property/add-property/ HTTP/1.1" 200 12120
[22/Nov/2023 04:41:04] "GET /static/css/property/add-property-interface.css HTTP/1.1" 200 1745
[22/Nov/2023 04:41:04] "GET /static/js/property/add-property-interface.js HTTP/1.1" 200 1233
Not Found: /property/add-property/assets/imgs/logo.jpeg
[22/Nov/2023 04:41:04] "GET /property/add-property/assets/imgs/logo.jpeg HTTP/1.1" 404 4845
[22/Nov/2023 04:41:05] "GET /property/add-property/new/apartment_rent/ HTTP/1.1" 200 34022
[22/Nov/2023 04:41:05] "GET /static/js/property/init-map.js HTTP/1.1" 200 5988
[22/Nov/2023 04:41:05] "GET /static/js/property/add-property.js HTTP/1.1" 200 26013
[22/Nov/2023 04:41:05] "GET /static/css/property/add-property.css HTTP/1.1" 200 10572
Not Found: /property/add-property/new/apartment_rent/assets/imgs/logo.jpeg
[22/Nov/2023 04:41:05] "GET /property/add-property/new/apartment_rent/assets/imgs/logo.jpeg HTTP/1.1" 404 4902
[22/Nov/2023 04:41:47] "POST /property/add-property/new/apartment_rent/ HTTP/1.1" 302 0
[22/Nov/2023 04:41:47] "GET /property/ad-uploaded/ HTTP/1.1" 200 6002
Not Found: /property/ad-uploaded/assets/imgs/logo.jpeg
[22/Nov/2023 04:41:47] "GET /property/ad-uploaded/assets/imgs/logo.jpeg HTTP/1.1" 404 4842
[22/Nov/2023 04:41:48] "GET / HTTP/1.1" 200 31657
[22/Nov/2023 04:41:49] "GET /static/js/pages/app.js HTTP/1.1" 200 199
Not Found: /assets/imgs/logo.jpeg
[22/Nov/2023 04:41:49] "GET /assets/imgs/logo.jpeg HTTP/1.1" 404 3846
[22/Nov/2023 04:41:49] "GET /property/97qEB/details/ HTTP/1.1" 200 12979
[22/Nov/2023 04:41:50] "GET /static/css/property/property-details.css HTTP/1.1" 200 5294
Not Found: /property/97qEB/details/assets/imgs/profile-pic.svg
[22/Nov/2023 04:41:50] "GET /property/97qEB/details/assets/imgs/profile-pic.svg HTTP/1.1" 404 4866
[22/Nov/2023 04:41:50] "GET /media/3bc7bd37-724b-4eb5-bb05-c0ff48554289.mp4 HTTP/1.1" 200 1990407
Not Found: /property/97qEB/details/assets/imgs/logo.jpeg
[22/Nov/2023 04:41:50] "GET /property/97qEB/details/assets/imgs/logo.jpeg HTTP/1.1" 404 4848
[22/Nov/2023 04:43:46] "GET / HTTP/1.1" 200 31657
[22/Nov/2023 04:43:53] "GET /admin HTTP/1.1" 301 0
[22/Nov/2023 04:43:53] "GET /admin/ HTTP/1.1" 302 0
[22/Nov/2023 04:43:53] "GET /admin/login/?next=/admin/ HTTP/1.1" 200 4013
[22/Nov/2023 04:43:53] "GET /static/admin/css/base.css HTTP/1.1" 200 21207
[22/Nov/2023 04:43:53] "GET /static/admin/js/nav_sidebar.js HTTP/1.1" 200 3063
[22/Nov/2023 04:43:53] "GET /static/admin/js/theme.js HTTP/1.1" 200 1943
[22/Nov/2023 04:43:53] "GET /static/admin/css/dark_mode.css HTTP/1.1" 200 2929
[22/Nov/2023 04:43:53] "GET /static/override.css HTTP/1.1" 200 156
[22/Nov/2023 04:43:53] "GET /static/admin/css/nav_sidebar.css HTTP/1.1" 200 2694
[22/Nov/2023 04:43:53] "GET /static/admin/css/login.css HTTP/1.1" 200 958
[22/Nov/2023 04:43:54] "GET /static/admin/css/rtl.css HTTP/1.1" 200 4788
[22/Nov/2023 04:43:54] "GET /static/admin/css/responsive_rtl.css HTTP/1.1" 200 1785
[22/Nov/2023 04:43:54] "GET /static/admin/css/responsive.css HTTP/1.1" 200 18533
Not Found: /favicon.ico
[22/Nov/2023 04:43:54] "GET /favicon.ico HTTP/1.1" 404 3816
[22/Nov/2023 04:43:56] "POST /admin/login/?next=/admin/ HTTP/1.1" 302 0
[22/Nov/2023 04:43:57] "GET /admin/ HTTP/1.1" 200 12547
[22/Nov/2023 04:43:57] "GET /static/admin/css/dashboard.css HTTP/1.1" 200 441
[22/Nov/2023 04:43:57] "GET /static/admin/img/icon-deletelink.svg HTTP/1.1" 200 392
[22/Nov/2023 04:43:57] "GET /static/admin/img/icon-changelink.svg HTTP/1.1" 200 380
[22/Nov/2023 04:43:57] "GET /static/admin/img/icon-addlink.svg HTTP/1.1" 200 331
[22/Nov/2023 04:43:59] "GET /admin/property/property/ HTTP/1.1" 200 15068
[22/Nov/2023 04:43:59] "GET /static/admin/css/changelists.css HTTP/1.1" 200 6566
[22/Nov/2023 04:43:59] "GET /static/admin/js/vendor/jquery/jquery.js HTTP/1.1" 200 292458
[22/Nov/2023 04:43:59] "GET /static/admin/js/jquery.init.js HTTP/1.1" 200 347
[22/Nov/2023 04:43:59] "GET /admin/jsi18n/ HTTP/1.1" 200 14011
[22/Nov/2023 04:43:59] "GET /static/admin/js/core.js HTTP/1.1" 200 5682
[22/Nov/2023 04:43:59] "GET /static/admin/js/admin/RelatedObjectLookups.js HTTP/1.1" 200 8943
[22/Nov/2023 04:43:59] "GET /static/admin/js/actions.js HTTP/1.1" 200 7872
[22/Nov/2023 04:43:59] "GET /static/admin/js/urlify.js HTTP/1.1" 200 7887
[22/Nov/2023 04:43:59] "GET /static/admin/js/prepopulate.js HTTP/1.1" 200 1531
[22/Nov/2023 04:43:59] "GET /static/admin/js/vendor/xregexp/xregexp.js HTTP/1.1" 200 232381
[22/Nov/2023 04:43:59] "GET /static/admin/js/filters.js HTTP/1.1" 200 978
[22/Nov/2023 04:44:00] "GET /static/admin/img/tooltag-add.svg HTTP/1.1" 200 331
[22/Nov/2023 04:44:03] "GET /admin/property/property/43/change/ HTTP/1.1" 200 44847
[22/Nov/2023 04:44:03] "GET /static/admin/css/forms.css HTTP/1.1" 200 9047
[22/Nov/2023 04:44:03] "GET /static/admin/js/change_form.js HTTP/1.1" 200 606
[22/Nov/2023 04:44:03] "GET /admin/jsi18n/ HTTP/1.1" 200 14011
[22/Nov/2023 04:44:03] "GET /static/admin/js/prepopulate_init.js HTTP/1.1" 200 586
[22/Nov/2023 04:44:03] "GET /static/admin/img/icon-viewlink.svg HTTP/1.1" 200 581
[22/Nov/2023 04:44:03] "GET /static/admin/css/widgets.css HTTP/1.1" 200 11900
[22/Nov/2023 04:44:04] "GET /admin/property/property/ HTTP/1.1" 200 15068
[22/Nov/2023 04:44:08] "POST /admin/property/property/ HTTP/1.1" 200 10259
[22/Nov/2023 04:44:08] "GET /static/admin/js/cancel.js HTTP/1.1" 200 884
[22/Nov/2023 04:44:09] "POST /admin/property/property/ HTTP/1.1" 302 0
[22/Nov/2023 04:44:09] "GET /admin/property/property/ HTTP/1.1" 200 14949
[22/Nov/2023 04:44:09] "GET /admin/jsi18n/ HTTP/1.1" 200 14011
[22/Nov/2023 04:44:10] "GET /static/admin/img/icon-yes.svg HTTP/1.1" 200 436
Not Found: /.env
[22/Nov/2023 05:02:08] "GET /.env HTTP/1.1" 404 3796
Not Found: /.env
[22/Nov/2023 05:03:16] "GET /.env HTTP/1.1" 404 3796
Forbidden (CSRF cookie not set.): /
[22/Nov/2023 05:03:16] "POST / HTTP/1.1" 403 3071
[22/Nov/2023 05:14:10] "GET / HTTP/1.1" 200 30780
Not Found: /.env
[22/Nov/2023 05:25:09] "GET /.env HTTP/1.1" 404 3796
Forbidden (CSRF cookie not set.): /
[22/Nov/2023 05:25:09] "POST / HTTP/1.1" 403 3071
Not Found: /.env
[22/Nov/2023 05:46:20] "GET /.env HTTP/1.1" 404 3796
Forbidden (CSRF cookie not set.): /
[22/Nov/2023 05:46:21] "POST / HTTP/1.1" 403 3071
[22/Nov/2023 06:03:07] "GET / HTTP/1.1" 200 30780
Not Found: /.env
[22/Nov/2023 06:24:57] "GET /.env HTTP/1.1" 404 3796
Forbidden (CSRF cookie not set.): /
[22/Nov/2023 06:24:57] "POST / HTTP/1.1" 403 3071
[22/Nov/2023 06:33:38] "GET / HTTP/1.1" 200 30780
[22/Nov/2023 06:33:43] "GET / HTTP/1.1" 200 30780
Not Found: /assets/imgs/logo.jpeg
[22/Nov/2023 06:33:46] "GET /assets/imgs/logo.jpeg HTTP/1.1" 404 3846
Not Found: /favicon.ico
[22/Nov/2023 06:33:48] "GET /favicon.ico HTTP/1.1" 404 3816
Not Found: /manager/text/list
[22/Nov/2023 06:39:17] "GET /manager/text/list HTTP/1.1" 404 3835
[22/Nov/2023 06:58:33] "GET / HTTP/1.1" 200 30780
Not Found: /.env
[22/Nov/2023 07:05:22] "GET /.env HTTP/1.1" 404 3796
Forbidden (CSRF cookie not set.): /
[22/Nov/2023 07:05:22] "POST / HTTP/1.1" 403 3071
[22/Nov/2023 07:22:07] "GET / HTTP/1.1" 200 30780
Not Found: /.env
[22/Nov/2023 07:24:23] "GET /.env HTTP/1.1" 404 3796
Forbidden (CSRF cookie not set.): /
[22/Nov/2023 07:24:23] "POST / HTTP/1.1" 403 3071
[22/Nov/2023 07:41:46] "GET / HTTP/1.1" 200 30780
[22/Nov/2023 08:09:34] "GET / HTTP/1.1" 200 30780
[22/Nov/2023 08:09:34] "GET /static/css/pages/main.css HTTP/1.1" 200 8687
[22/Nov/2023 08:09:34] "GET /static/css/normalize.css HTTP/1.1" 200 6138
[22/Nov/2023 08:09:34] "GET /static/js/pages/app.js HTTP/1.1" 200 199
[22/Nov/2023 08:09:34] "GET /static/imgs/logo.jpeg HTTP/1.1" 200 32248
[22/Nov/2023 08:09:34] "GET /static/imgs/logoText-e961f794.png HTTP/1.1" 200 5115
[22/Nov/2023 08:09:35] "GET /media/property/images/IMG_9042_hpQbs80.jpeg HTTP/1.1" 200 2123673
[22/Nov/2023 08:09:35] "GET /media/property/images/IMG_9042.jpeg HTTP/1.1" 200 2123673
[22/Nov/2023 08:09:35] "GET /media/property/images/WhatsApp_Image_2023-08-02_at_12.31.18_PM.jpeg HTTP/1.1" 200 326288
[22/Nov/2023 08:09:37] "GET /media/property/images/WhatsApp_Image_2023-08-24_at_9.04.58_PM.jpeg HTTP/1.1" 200 65079
[22/Nov/2023 08:09:37] "GET /media/property/images/IMG_8325.jpg HTTP/1.1" 200 2415335
[22/Nov/2023 08:09:38] "GET /media/property/images/IMG_9577.jpeg HTTP/1.1" 200 289572
[22/Nov/2023 08:09:38] "GET /media/property/images/27c41ee5-a44b-43c4-8f4e-68e3611c8e02_LxYKpgj.jpeg HTTP/1.1" 200 96506
[22/Nov/2023 08:09:38] "GET /media/property/images/5c9ad143-2455-44eb-bdd6-a5ea35cca7ca.jpeg HTTP/1.1" 200 63281
[22/Nov/2023 08:09:38] "GET /media/property/images/IMG_9578.jpeg HTTP/1.1" 200 299769
[22/Nov/2023 08:09:38] "GET /media/property/images/27c41ee5-a44b-43c4-8f4e-68e3611c8e02.jpeg HTTP/1.1" 200 96506
[22/Nov/2023 08:09:38] "GET /static/imgs/logo-transparent.png HTTP/1.1" 200 1465
[22/Nov/2023 08:09:41] "GET /property/74xkm/details/ HTTP/1.1" 200 13858
[22/Nov/2023 08:09:41] "GET /media/property/images/IMG_9041_0bTVHAS.jpeg HTTP/1.1" 200 2410697
[22/Nov/2023 08:09:41] "GET /static/css/property/property-details.css HTTP/1.1" 200 5294
Not Found: /property/74xkm/details/assets/imgs/profile-pic.svg
[22/Nov/2023 08:09:41] "GET /property/74xkm/details/assets/imgs/profile-pic.svg HTTP/1.1" 404 4862
[22/Nov/2023 08:09:51] "GET /property/add-to-favourite/74xkm/ HTTP/1.1" 302 0
[22/Nov/2023 08:09:51] "GET /auth/?next=/property/add-to-favourite/74xkm/ HTTP/1.1" 200 8219
[22/Nov/2023 08:09:51] "GET /static/css/users/authenticate.css HTTP/1.1" 200 1296
[22/Nov/2023 08:10:05] "GET /property/add-to-favourite/74xkm/ HTTP/1.1" 302 0
[22/Nov/2023 08:10:06] "GET /auth/?next=/property/add-to-favourite/74xkm/ HTTP/1.1" 200 8219
[22/Nov/2023 08:10:12] "POST /login/ HTTP/1.1" 302 0
[22/Nov/2023 08:10:12] "GET /accounts/profile HTTP/1.1" 301 0
[22/Nov/2023 08:10:12] "GET /accounts/profile/ HTTP/1.1" 200 10223
[22/Nov/2023 08:10:13] "GET /static/css/users/main.css HTTP/1.1" 200 227
[22/Nov/2023 08:10:17] "GET / HTTP/1.1" 200 30796
[22/Nov/2023 08:10:18] "GET /property/74xkm/details/ HTTP/1.1" 200 13874
Not Found: /property/74xkm/details/assets/imgs/profile-pic.svg
[22/Nov/2023 08:10:19] "GET /property/74xkm/details/assets/imgs/profile-pic.svg HTTP/1.1" 404 4862
[22/Nov/2023 08:10:22] "GET /property/add-to-favourite/74xkm/ HTTP/1.1" 302 0
[22/Nov/2023 08:10:23] "GET /property/74xkm/details/ HTTP/1.1" 200 13874
Not Found: /property/74xkm/details/assets/imgs/profile-pic.svg
[22/Nov/2023 08:10:23] "GET /property/74xkm/details/assets/imgs/profile-pic.svg HTTP/1.1" 404 4862
[22/Nov/2023 08:10:46] "GET / HTTP/1.1" 200 30796
Not Found: /.env
[22/Nov/2023 08:16:06] "GET /.env HTTP/1.1" 404 3796
Forbidden (CSRF cookie not set.): /
[22/Nov/2023 08:16:07] "POST / HTTP/1.1" 403 3071
[22/Nov/2023 08:25:53] "GET / HTTP/1.1" 200 30780
[22/Nov/2023 08:58:00] "GET / HTTP/1.1" 200 30780
Not Found: /.env
[22/Nov/2023 09:03:34] "GET /.env HTTP/1.1" 404 3796
Forbidden (CSRF cookie not set.): /
[22/Nov/2023 09:03:35] "POST / HTTP/1.1" 403 3071
Not Found: /.env
[22/Nov/2023 09:15:17] "GET /.env HTTP/1.1" 404 3796
Forbidden (CSRF cookie not set.): /
[22/Nov/2023 09:15:17] "POST / HTTP/1.1" 403 3071
Not Found: /.env
[22/Nov/2023 09:23:03] "GET /.env HTTP/1.1" 404 3796
Forbidden (CSRF cookie not set.): /
[22/Nov/2023 09:23:04] "POST / HTTP/1.1" 403 3071
Not Found: /.env
[22/Nov/2023 09:39:52] "GET /.env HTTP/1.1" 404 3796
Forbidden (CSRF cookie not set.): /
[22/Nov/2023 09:39:52] "POST / HTTP/1.1" 403 3071
[22/Nov/2023 10:07:03] "GET / HTTP/1.1" 200 30780
Not Found: /.env
[22/Nov/2023 10:28:52] "GET /.env HTTP/1.1" 404 3796
Forbidden (CSRF cookie not set.): /
[22/Nov/2023 10:28:52] "POST / HTTP/1.1" 403 3071
Not Found: /.env
[22/Nov/2023 11:01:08] "GET /.env HTTP/1.1" 404 3796
Forbidden (CSRF cookie not set.): /
[22/Nov/2023 11:01:08] "POST / HTTP/1.1" 403 3071
[22/Nov/2023 11:06:44] "GET / HTTP/1.1" 200 30780
[22/Nov/2023 11:11:26] "GET / HTTP/1.1" 200 30780
Not Found: /systembc/password.php
[22/Nov/2023 11:25:47] "GET /systembc/password.php HTTP/1.1" 404 3846
Not Found: /portal/redlion
[22/Nov/2023 11:28:58] "GET /portal/redlion HTTP/1.1" 404 3826
Not Found: /.env
[22/Nov/2023 11:37:11] "GET /.env HTTP/1.1" 404 3796
Forbidden (CSRF cookie not set.): /
[22/Nov/2023 11:37:11] "POST / HTTP/1.1" 403 3071
Not Found: /.env
[22/Nov/2023 11:38:18] "GET /.env HTTP/1.1" 404 3796
Forbidden (CSRF cookie not set.): /
[22/Nov/2023 11:38:19] "POST / HTTP/1.1" 403 3071
[22/Nov/2023 11:58:17] "GET / HTTP/1.1" 200 30780
Not Found: /.env
[22/Nov/2023 12:11:23] "GET /.env HTTP/1.1" 404 3796
Forbidden (CSRF cookie not set.): /
[22/Nov/2023 12:11:23] "POST / HTTP/1.1" 403 3071
Not Found: /.env
[22/Nov/2023 12:46:12] "GET /.env HTTP/1.1" 404 3796
Forbidden (CSRF cookie not set.): /
[22/Nov/2023 12:46:12] "POST / HTTP/1.1" 403 3071
[22/Nov/2023 13:02:03] "GET / HTTP/1.1" 200 30780
[22/Nov/2023 13:19:36] "GET / HTTP/1.1" 200 30796
[22/Nov/2023 13:19:36] "GET /static/css/normalize.css HTTP/1.1" 200 6138
[22/Nov/2023 13:19:36] "GET /static/imgs/logo.jpeg HTTP/1.1" 200 32248
[22/Nov/2023 13:19:36] "GET /static/css/pages/main.css HTTP/1.1" 200 8687
[22/Nov/2023 13:19:36] "GET /static/imgs/logoText-e961f794.png HTTP/1.1" 200 5115
[22/Nov/2023 13:19:36] "GET /media/property/images/IMG_9042.jpeg HTTP/1.1" 200 2123673
[22/Nov/2023 13:19:36] "GET /media/property/images/IMG_9042_hpQbs80.jpeg HTTP/1.1" 200 2123673
[22/Nov/2023 13:19:36] "GET /static/js/pages/app.js HTTP/1.1" 200 199
[22/Nov/2023 13:19:36] "GET /media/property/images/WhatsApp_Image_2023-08-02_at_12.31.18_PM.jpeg HTTP/1.1" 200 326288
[22/Nov/2023 13:19:37] "GET /media/property/images/WhatsApp_Image_2023-08-24_at_9.04.58_PM.jpeg HTTP/1.1" 200 65079
[22/Nov/2023 13:19:37] "GET /media/property/images/IMG_8325.jpg HTTP/1.1" 200 2415335
[22/Nov/2023 13:19:37] "GET /media/property/images/5c9ad143-2455-44eb-bdd6-a5ea35cca7ca.jpeg HTTP/1.1" 200 63281
[22/Nov/2023 13:19:37] "GET /media/property/images/IMG_9577.jpeg HTTP/1.1" 200 289572
[22/Nov/2023 13:19:38] "GET /media/property/images/27c41ee5-a44b-43c4-8f4e-68e3611c8e02_LxYKpgj.jpeg HTTP/1.1" 200 96506
[22/Nov/2023 13:19:38] "GET /media/property/images/IMG_9578.jpeg HTTP/1.1" 200 299769
[22/Nov/2023 13:19:38] "GET /media/property/images/27c41ee5-a44b-43c4-8f4e-68e3611c8e02.jpeg HTTP/1.1" 200 96506
[22/Nov/2023 13:19:38] "GET /static/imgs/logo-transparent.png HTTP/1.1" 200 1465
Not Found: /assets/imgs/logo.jpeg
[22/Nov/2023 13:19:43] "GET /assets/imgs/logo.jpeg HTTP/1.1" 404 3846
[22/Nov/2023 13:19:51] "GET /property/74xkm/details/ HTTP/1.1" 200 13874
[22/Nov/2023 13:19:51] "GET /static/css/property/property-details.css HTTP/1.1" 200 5294
[22/Nov/2023 13:19:51] "GET /media/property/images/IMG_9041_0bTVHAS.jpeg HTTP/1.1" 200 2410697
Not Found: /property/74xkm/details/assets/imgs/profile-pic.svg
[22/Nov/2023 13:19:51] "GET /property/74xkm/details/assets/imgs/profile-pic.svg HTTP/1.1" 404 4866
Not Found: /property/74xkm/details/assets/imgs/logo.jpeg
[22/Nov/2023 13:19:56] "GET /property/74xkm/details/assets/imgs/logo.jpeg HTTP/1.1" 404 4848
Not Found: /.env
[22/Nov/2023 13:25:18] "GET /.env HTTP/1.1" 404 3796
Forbidden (CSRF cookie not set.): /
[22/Nov/2023 13:25:18] "POST / HTTP/1.1" 403 3071
[22/Nov/2023 13:47:01] "GET / HTTP/1.1" 200 30780
Not Found: /.env
[22/Nov/2023 13:48:38] "GET /.env HTTP/1.1" 404 3796
Forbidden (CSRF cookie not set.): /
[22/Nov/2023 13:48:38] "POST / HTTP/1.1" 403 3071
Not Found: /favicon.ico
[22/Nov/2023 13:48:57] "GET /favicon.ico HTTP/1.1" 404 3817
Not Found: /geoserver/web/
[22/Nov/2023 13:49:37] "GET /geoserver/web/ HTTP/1.1" 404 3826
[22/Nov/2023 13:54:04] "GET / HTTP/1.1" 200 30796
[22/Nov/2023 13:54:04] "GET /static/css/normalize.css HTTP/1.1" 200 6138
[22/Nov/2023 13:54:04] "GET /static/css/pages/main.css HTTP/1.1" 200 8687
[22/Nov/2023 13:54:04] "GET /static/imgs/logo.jpeg HTTP/1.1" 200 32248
[22/Nov/2023 13:54:04] "GET /static/imgs/logoText-e961f794.png HTTP/1.1" 200 5115
[22/Nov/2023 13:54:04] "GET /media/property/images/WhatsApp_Image_2023-08-24_at_9.04.58_PM.jpeg HTTP/1.1" 304 0
[22/Nov/2023 13:54:04] "GET /media/property/images/IMG_9042_hpQbs80.jpeg HTTP/1.1" 304 0
[22/Nov/2023 13:54:04] "GET /media/property/images/IMG_9042.jpeg HTTP/1.1" 304 0
[22/Nov/2023 13:54:04] "GET /media/property/images/WhatsApp_Image_2023-08-02_at_12.31.18_PM.jpeg HTTP/1.1" 304 0
[22/Nov/2023 13:54:04] "GET /static/js/pages/app.js HTTP/1.1" 304 0
[22/Nov/2023 13:54:04] "GET /media/property/images/5c9ad143-2455-44eb-bdd6-a5ea35cca7ca.jpeg HTTP/1.1" 304 0
[22/Nov/2023 13:54:04] "GET /media/property/images/IMG_8325.jpg HTTP/1.1" 304 0
[22/Nov/2023 13:54:04] "GET /media/property/images/IMG_9577.jpeg HTTP/1.1" 304 0
[22/Nov/2023 13:54:04] "GET /media/property/images/27c41ee5-a44b-43c4-8f4e-68e3611c8e02_LxYKpgj.jpeg HTTP/1.1" 304 0
[22/Nov/2023 13:54:05] "GET /media/property/images/IMG_9578.jpeg HTTP/1.1" 304 0
[22/Nov/2023 13:54:05] "GET /media/property/images/27c41ee5-a44b-43c4-8f4e-68e3611c8e02.jpeg HTTP/1.1" 304 0
[22/Nov/2023 13:54:05] "GET /static/imgs/logo-transparent.png HTTP/1.1" 304 0
Not Found: /assets/imgs/logo.jpeg
[22/Nov/2023 13:54:05] "GET /assets/imgs/logo.jpeg HTTP/1.1" 404 3846
[22/Nov/2023 13:54:09] "GET /property/add-property/ HTTP/1.1" 200 12120
[22/Nov/2023 13:54:09] "GET /static/css/property/add-property-interface.css HTTP/1.1" 304 0
[22/Nov/2023 13:54:09] "GET /static/js/property/add-property-interface.js HTTP/1.1" 304 0
[22/Nov/2023 13:54:09] "GET /static/imgs/logo-transparent.png HTTP/1.1" 304 0
Not Found: /property/add-property/assets/imgs/logo.jpeg
[22/Nov/2023 13:54:09] "GET /property/add-property/assets/imgs/logo.jpeg HTTP/1.1" 404 4845
[22/Nov/2023 13:54:10] "GET /property/add-property/new/apartment_rent/ HTTP/1.1" 200 34022
[22/Nov/2023 13:54:10] "GET /static/css/property/add-property.css HTTP/1.1" 200 10572
[22/Nov/2023 13:54:10] "GET /static/js/property/init-map.js HTTP/1.1" 304 0
[22/Nov/2023 13:54:10] "GET /static/js/property/add-property.js HTTP/1.1" 304 0
[22/Nov/2023 13:54:10] "GET /static/imgs/logo-transparent.png HTTP/1.1" 304 0
Not Found: /property/add-property/new/apartment_rent/assets/imgs/logo.jpeg
[22/Nov/2023 13:54:11] "GET /property/add-property/new/apartment_rent/assets/imgs/logo.jpeg HTTP/1.1" 404 4902
Forbidden (Origin checking failed - https://www.albdah.sa does not match any trusted origins.): /property/add-property/new/apartment_rent/
[22/Nov/2023 13:54:46] "POST /property/add-property/new/apartment_rent/ HTTP/1.1" 403 2595
[22/Nov/2023 13:55:15] "GET / HTTP/1.1" 200 30796
[22/Nov/2023 13:55:15] "GET /static/js/pages/app.js HTTP/1.1" 304 0
[22/Nov/2023 13:55:15] "GET /static/imgs/logo-transparent.png HTTP/1.1" 304 0
/albdah-rebuild/albdah-rebuild/property/views.py changed, reloading.
Performing system checks...

System check identified no issues (0 silenced).
November 21, 2023 - 04:29:33
Django version 4.2.6, using settings 'project.settings'
Starting development server at http://127.0.0.1:8000/
Quit the server with CONTROL-C.

apartment_rent
apartment_rent
Watching for file changes with StatReloader
/albdah-rebuild/albdah-rebuild/maps/migrations/__init__.py changed, reloading.
Performing system checks...

System check identified no issues (0 silenced).
November 22, 2023 - 13:57:02
Django version 4.2.6, using settings 'project.settings'
Starting development server at http://127.0.0.1:8000/
Quit the server with CONTROL-C.

Watching for file changes with StatReloader
